{"/home/jonas/Desktop/boilerplate-react/src/App.tsx": {"path":"/home/jonas/Desktop/boilerplate-react/src/App.tsx","statementMap":{"0":{"start":{"line":7,"column":12},"end":{"line":14,"column":1}},"1":{"start":{"line":8,"column":2},"end":{"line":13,"column":4}}},"fnMap":{"0":{"name":"(anonymous_0)","decl":{"start":{"line":7,"column":12},"end":{"line":7,"column":13}},"loc":{"start":{"line":7,"column":18},"end":{"line":14,"column":1}},"line":7}},"branchMap":{},"s":{"0":0,"1":0},"f":{"0":0},"b":{}}
,"/home/jonas/Desktop/boilerplate-react/src/components/Heading/index.tsx": {"path":"/home/jonas/Desktop/boilerplate-react/src/components/Heading/index.tsx","statementMap":{"0":{"start":{"line":5,"column":16},"end":{"line":7,"column":1}},"1":{"start":{"line":6,"column":2},"end":{"line":6,"column":40}}},"fnMap":{"0":{"name":"(anonymous_0)","decl":{"start":{"line":5,"column":16},"end":{"line":5,"column":17}},"loc":{"start":{"line":5,"column":47},"end":{"line":7,"column":1}},"line":5}},"branchMap":{"0":{"loc":{"start":{"line":5,"column":19},"end":{"line":5,"column":40}},"type":"default-arg","locations":[{"start":{"line":5,"column":27},"end":{"line":5,"column":40}}],"line":5}},"s":{"0":1,"1":1},"f":{"0":1},"b":{"0":[1]},"_coverageSchema":"1a1c01bbd47fc00a2c39e90264f33305004495a9","hash":"42a02689d96637b29aab480ee235f725bd626447"}
,"/home/jonas/Desktop/boilerplate-react/src/components/Heading/styles.ts": {"path":"/home/jonas/Desktop/boilerplate-react/src/components/Heading/styles.ts","statementMap":{"0":{"start":{"line":3,"column":23},"end":{"line":5,"column":1}}},"fnMap":{},"branchMap":{},"s":{"0":1},"f":{},"b":{},"_coverageSchema":"1a1c01bbd47fc00a2c39e90264f33305004495a9","hash":"a47cbca362fa053f190251d246591000b29e9173"}
,"/home/jonas/Desktop/boilerplate-react/src/styles/global.ts": {"path":"/home/jonas/Desktop/boilerplate-react/src/styles/global.ts","statementMap":{"0":{"start":{"line":3,"column":21},"end":{"line":16,"column":1}}},"fnMap":{},"branchMap":{},"s":{"0":0},"f":{},"b":{}}
}
